build/app/outputs/mapping/release/mapping.txt
# compiler: R8
# compiler_version: 1.5.64
# min_api: 16
# pg_map_id: 1acf343
...
androidx.media.AudioAttributesImplApi21 -> androidx.media.b:
    int mLegacyStreamType -> b
    android.media.AudioAttributes mAudioAttributes -> a
androidx.media.AudioAttributesImplBase -> androidx.media.c:
    int mLegacyStream -> d
    int mContentType -> b
    int mFlags -> c
    int mUsage -> a
    int getContentType() -> a
    int getFlags() -> b
    int getLegacyStreamType() -> c
    int getUsage() -> d
androidx.savedstate.Recreator -> androidx.savedstate.Recreator:
    androidx.savedstate.SavedStateRegistryOwner mOwner -> a
    void onStateChanged(androidx.lifecycle.LifecycleOwner,androidx.lifecycle.Lifecycle$Event) -> a
    void reflectiveNew(java.lang.String) -> a
androidx.savedstate.SavedStateRegistry -> androidx.savedstate.SavedStateRegistry:
    android.os.Bundle mRestoredState -> b
    androidx.arch.core.internal.SafeIterableMap mComponents -> a
    boolean mRestored -> c
    boolean mAllowingSavingState -> d
    android.os.Bundle consumeRestoredStateForKey(java.lang.String) -> a
    void performRestore(androidx.lifecycle.Lifecycle,android.os.Bundle) -> a
    void performSave(android.os.Bundle) -> a
androidx.savedstate.SavedStateRegistry$1 -> androidx.savedstate.SavedStateRegistry$1:
    androidx.savedstate.SavedStateRegistry this$0 -> a
    void onStateChanged(androidx.lifecycle.LifecycleOwner,androidx.lifecycle.Lifecycle$Event) -> a
androidx.savedstate.SavedStateRegistry$AutoRecreated -> androidx.savedstate.SavedStateRegistry$a:
    void onRecreated(androidx.savedstate.SavedStateRegistryOwner) -> a
androidx.savedstate.SavedStateRegistry$SavedStateProvider -> androidx.savedstate.SavedStateRegistry$b:
    android.os.Bundle saveState() -> a
androidx.savedstate.SavedStateRegistryController -> androidx.savedstate.a:
    androidx.savedstate.SavedStateRegistryOwner mOwner -> a
    androidx.savedstate.SavedStateRegistry mRegistry -> b
    androidx.savedstate.SavedStateRegistryController create(androidx.savedstate.SavedStateRegistryOwner) -> a
    androidx.savedstate.SavedStateRegistry getSavedStateRegistry() -> a
    void performRestore(android.os.Bundle) -> a
    void performSave(android.os.Bundle) -> b
androidx.savedstate.SavedStateRegistryOwner -> androidx.savedstate.b:
    androidx.savedstate.SavedStateRegistry getSavedStateRegistry() -> f
androidx.versionedparcelable.ParcelImpl -> androidx.versionedparcelable.ParcelImpl:
    androidx.versionedparcelable.VersionedParcelable mParcel -> a
androidx.versionedparcelable.ParcelImpl$1 -> androidx.versionedparcelable.ParcelImpl$a:
androidx.versionedparcelable.VersionedParcel -> androidx.versionedparcelable.a:
    androidx.collection.ArrayMap mParcelizerCache -> c
    androidx.collection.ArrayMap mReadCache -> a
    androidx.collection.ArrayMap mWriteCache -> b
    void closeField() -> a
    java.lang.Class findParcelClass(java.lang.Class) -> a
    boolean readBoolean(boolean,int) -> a
    byte[] readByteArray(byte[],int) -> a
    java.lang.CharSequence readCharSequence(java.lang.CharSequence,int) -> a
    boolean readField(int) -> a
    androidx.versionedparcelable.VersionedParcelable readFromParcel(java.lang.String,androidx.versionedparcelable.VersionedParcel) -> a
    int readInt(int,int) -> a
    android.os.Parcelable readParcelable(android.os.Parcelable,int) -> a
    java.lang.String readString(java.lang.String,int) -> a
    androidx.versionedparcelable.VersionedParcelable readVersionedParcelable(androidx.versionedparcelable.VersionedParcelable,int) -> a
    void setSerializationFlags(boolean,boolean) -> a
    void writeBoolean(boolean) -> a
    void writeByteArray(byte[]) -> a
    void writeCharSequence(java.lang.CharSequence) -> a
    void writeParcelable(android.os.Parcelable) -> a
    void writeString(java.lang.String) -> a
    void writeToParcel(androidx.versionedparcelable.VersionedParcelable,androidx.versionedparcelable.VersionedParcel) -> a
    void writeVersionedParcelable(androidx.versionedparcelable.VersionedParcelable) -> a